  main.cpp
C:\Program Files\Microsoft Visual Studio\2022\Community\VC\Tools\MSVC\14.42.34433\include\charconv(12): warning STL4038: The contents of <charconv> are available only with C++17 or later.
C:\Games and Stuf\Coding\RayLib\The ENet Strikes Back\The ENet Strikes Back\Blank Project\networking.hpp(79,15): warning C4267: 'initializing': conversion from 'size_t' to 'int', possible loss of data
  (compiling source file 'main.cpp')
  
C:\Games and Stuf\Coding\RayLib\The ENet Strikes Back\The ENet Strikes Back\Blank Project\networking.hpp(221,12): warning C4477: 'printf' : format string '%u' requires an argument of type 'unsigned int', but variadic argument 1 has type 'size_t'
  (compiling source file 'main.cpp')
      C:\Games and Stuf\Coding\RayLib\The ENet Strikes Back\The ENet Strikes Back\Blank Project\networking.hpp(221,12):
      consider using '%zu' in the format string
  
C:\Games and Stuf\Coding\RayLib\The ENet Strikes Back\The ENet Strikes Back\Blank Project\networking.hpp(221,12): warning C4477: 'printf' : format string '%s' requires an argument of type 'char *', but variadic argument 3 has type 'void *'
  (compiling source file 'main.cpp')
  
C:\Games and Stuf\Coding\RayLib\The ENet Strikes Back\The ENet Strikes Back\Blank Project\networking.hpp(299,12): warning C4477: 'printf' : format string '%u' requires an argument of type 'unsigned int', but variadic argument 1 has type 'size_t'
  (compiling source file 'main.cpp')
      C:\Games and Stuf\Coding\RayLib\The ENet Strikes Back\The ENet Strikes Back\Blank Project\networking.hpp(299,12):
      consider using '%zu' in the format string
  
C:\Games and Stuf\Coding\RayLib\The ENet Strikes Back\The ENet Strikes Back\Blank Project\networking.hpp(299,12): warning C4477: 'printf' : format string '%s' requires an argument of type 'char *', but variadic argument 3 has type 'void *'
  (compiling source file 'main.cpp')
  
C:\Games and Stuf\Coding\RayLib\The ENet Strikes Back\The ENet Strikes Back\Blank Project\networking.hpp(356,13): warning C4267: 'initializing': conversion from 'size_t' to 'int', possible loss of data
  (compiling source file 'main.cpp')
  
C:\Games and Stuf\Coding\RayLib\The ENet Strikes Back\The ENet Strikes Back\Blank Project\main.cpp(98,67): warning C4244: 'argument': conversion from 'float' to 'int', possible loss of data
C:\Games and Stuf\Coding\RayLib\The ENet Strikes Back\The ENet Strikes Back\Blank Project\main.cpp(98,39): warning C4244: 'argument': conversion from 'float' to 'int', possible loss of data
C:\Games and Stuf\Coding\RayLib\The ENet Strikes Back\The ENet Strikes Back\Blank Project\main.cpp(99,69): warning C4244: 'argument': conversion from 'float' to 'int', possible loss of data
C:\Games and Stuf\Coding\RayLib\The ENet Strikes Back\The ENet Strikes Back\Blank Project\main.cpp(99,40): warning C4244: 'argument': conversion from 'float' to 'int', possible loss of data
  Blank Project.vcxproj -> C:\Games and Stuf\Coding\RayLib\The ENet Strikes Back\The ENet Strikes Back\x64\Debug\Blank Project.exe
