  main.cpp
C:\Games and Stuf\Coding\RayLib\Tardis\Tardis\Tardis\tardis.h(91,79): warning C4244: 'return': conversion from 'double' to 'float', possible loss of data
  (compiling source file 'main.cpp')
  
C:\Games and Stuf\Coding\RayLib\Tardis\Tardis\Tardis\tardis.h(97,89): warning C4244: 'argument': conversion from '_Ty' to 'float', possible loss of data
C:\Games and Stuf\Coding\RayLib\Tardis\Tardis\Tardis\tardis.h(97,89): warning C4244:         with
C:\Games and Stuf\Coding\RayLib\Tardis\Tardis\Tardis\tardis.h(97,89): warning C4244:         [
C:\Games and Stuf\Coding\RayLib\Tardis\Tardis\Tardis\tardis.h(97,89): warning C4244:             _Ty=double
C:\Games and Stuf\Coding\RayLib\Tardis\Tardis\Tardis\tardis.h(97,89): warning C4244:         ]
  (compiling source file 'main.cpp')
  
C:\Games and Stuf\Coding\RayLib\Tardis\Tardis\Tardis\tardis.h(97,46): warning C4244: 'argument': conversion from '_Ty' to 'float', possible loss of data
C:\Games and Stuf\Coding\RayLib\Tardis\Tardis\Tardis\tardis.h(97,46): warning C4244:         with
C:\Games and Stuf\Coding\RayLib\Tardis\Tardis\Tardis\tardis.h(97,46): warning C4244:         [
C:\Games and Stuf\Coding\RayLib\Tardis\Tardis\Tardis\tardis.h(97,46): warning C4244:             _Ty=double
C:\Games and Stuf\Coding\RayLib\Tardis\Tardis\Tardis\tardis.h(97,46): warning C4244:         ]
  (compiling source file 'main.cpp')
  
C:\Games and Stuf\Coding\RayLib\Tardis\Tardis\Tardis\tardis.h(97,24): warning C4244: 'argument': conversion from 'double' to 'float', possible loss of data
  (compiling source file 'main.cpp')
  
C:\Games and Stuf\Coding\RayLib\Tardis\Tardis\Tardis\tardis.h(120,9): error C2065: 'TardisValue': undeclared identifier
  (compiling source file 'main.cpp')
      C:\Games and Stuf\Coding\RayLib\Tardis\Tardis\Tardis\tardis.h(120,9):
      the template instantiation context (the oldest one first) is
          C:\Games and Stuf\Coding\RayLib\Tardis\Tardis\Tardis\tardis.h(116,29):
          while compiling class template 'GenericTardis'
  
C:\Games and Stuf\Coding\RayLib\Tardis\Tardis\Tardis\tardis.h(120,2): error C2974: 'std::vector': invalid template argument for '_Ty', type expected
  (compiling source file 'main.cpp')
      C:\Program Files\Microsoft Visual Studio\2022\Community\VC\Tools\MSVC\14.42.34433\include\vector(429,7):
      see declaration of 'std::vector'
  
C:\Games and Stuf\Coding\RayLib\Tardis\Tardis\Tardis\tardis.h(120,2): error C2976: 'std::vector': too few template arguments
  (compiling source file 'main.cpp')
      C:\Program Files\Microsoft Visual Studio\2022\Community\VC\Tools\MSVC\14.42.34433\include\vector(429,7):
      see declaration of 'std::vector'
  
C:\Games and Stuf\Coding\RayLib\Tardis\Tardis\Tardis\tardis.h(120,22): error C2059: syntax error: '>'
  (compiling source file 'main.cpp')
  
C:\Games and Stuf\Coding\RayLib\Tardis\Tardis\Tardis\tardis.h(120,30): error C2238: unexpected token(s) preceding ';'
  (compiling source file 'main.cpp')
  
C:\Games and Stuf\Coding\RayLib\Tardis\Tardis\Tardis\main.cpp(43,49): warning C4244: 'argument': conversion from 'float' to 'int', possible loss of data
C:\Games and Stuf\Coding\RayLib\Tardis\Tardis\Tardis\main.cpp(43,23): warning C4244: 'argument': conversion from 'float' to 'int', possible loss of data
C:\Games and Stuf\Coding\RayLib\Tardis\Tardis\Tardis\main.cpp(44,72): warning C4244: 'argument': conversion from 'float' to 'int', possible loss of data
C:\Games and Stuf\Coding\RayLib\Tardis\Tardis\Tardis\main.cpp(44,42): warning C4244: 'argument': conversion from 'float' to 'int', possible loss of data
C:\Games and Stuf\Coding\RayLib\Tardis\Tardis\Tardis\main.cpp(48,49): warning C4244: 'argument': conversion from 'float' to 'int', possible loss of data
C:\Games and Stuf\Coding\RayLib\Tardis\Tardis\Tardis\main.cpp(48,23): warning C4244: 'argument': conversion from 'float' to 'int', possible loss of data
C:\Games and Stuf\Coding\RayLib\Tardis\Tardis\Tardis\main.cpp(172,49): warning C4244: 'argument': conversion from '_Ty' to 'int', possible loss of data
C:\Games and Stuf\Coding\RayLib\Tardis\Tardis\Tardis\main.cpp(172,49): warning C4244:         with
C:\Games and Stuf\Coding\RayLib\Tardis\Tardis\Tardis\main.cpp(172,49): warning C4244:         [
C:\Games and Stuf\Coding\RayLib\Tardis\Tardis\Tardis\main.cpp(172,49): warning C4244:             _Ty=double
C:\Games and Stuf\Coding\RayLib\Tardis\Tardis\Tardis\main.cpp(172,49): warning C4244:         ]
C:\Games and Stuf\Coding\RayLib\Tardis\Tardis\Tardis\main.cpp(173,161): warning C4244: 'argument': conversion from '_Ty' to 'int', possible loss of data
C:\Games and Stuf\Coding\RayLib\Tardis\Tardis\Tardis\main.cpp(173,161): warning C4244:         with
C:\Games and Stuf\Coding\RayLib\Tardis\Tardis\Tardis\main.cpp(173,161): warning C4244:         [
C:\Games and Stuf\Coding\RayLib\Tardis\Tardis\Tardis\main.cpp(173,161): warning C4244:             _Ty=double
C:\Games and Stuf\Coding\RayLib\Tardis\Tardis\Tardis\main.cpp(173,161): warning C4244:         ]
C:\Games and Stuf\Coding\RayLib\Tardis\Tardis\Tardis\main.cpp(173,20): warning C4244: 'argument': conversion from '_Ty' to 'int', possible loss of data
C:\Games and Stuf\Coding\RayLib\Tardis\Tardis\Tardis\main.cpp(173,20): warning C4244:         with
C:\Games and Stuf\Coding\RayLib\Tardis\Tardis\Tardis\main.cpp(173,20): warning C4244:         [
C:\Games and Stuf\Coding\RayLib\Tardis\Tardis\Tardis\main.cpp(173,20): warning C4244:             _Ty=double
C:\Games and Stuf\Coding\RayLib\Tardis\Tardis\Tardis\main.cpp(173,20): warning C4244:         ]
C:\Games and Stuf\Coding\RayLib\Tardis\Tardis\Tardis\main.cpp(174,14): warning C4244: 'initializing': conversion from 'double' to 'float', possible loss of data
