  main.cpp
C:\Games and Stuf\Coding\RayLib\V1vV2\V1vV2\Blank Project\machine.hpp(161,36): warning C4838: conversion from 'double' to 'float' requires a narrowing conversion
  (compiling source file 'main.cpp')
  
C:\Games and Stuf\Coding\RayLib\V1vV2\V1vV2\Blank Project\machine.hpp(161,36): warning C4244: 'initializing': conversion from 'double' to 'float', possible loss of data
  (compiling source file 'main.cpp')
  
C:\Games and Stuf\Coding\RayLib\V1vV2\V1vV2\Blank Project\machine.hpp(161,77): warning C4838: conversion from 'double' to 'float' requires a narrowing conversion
  (compiling source file 'main.cpp')
  
C:\Games and Stuf\Coding\RayLib\V1vV2\V1vV2\Blank Project\machine.hpp(161,77): warning C4244: 'initializing': conversion from 'double' to 'float', possible loss of data
  (compiling source file 'main.cpp')
  
C:\Program Files\Microsoft Visual Studio\2022\Community\VC\Tools\MSVC\14.42.34433\include\charconv(12): warning STL4038: The contents of <charconv> are available only with C++17 or later.
C:\Games and Stuf\Coding\RayLib\V1vV2\V1vV2\Blank Project\networking2.hpp(79,15): warning C4267: 'initializing': conversion from 'size_t' to 'int', possible loss of data
  (compiling source file 'main.cpp')
  
C:\Games and Stuf\Coding\RayLib\V1vV2\V1vV2\Blank Project\networking2.hpp(225,12): warning C4477: 'printf' : format string '%u' requires an argument of type 'unsigned int', but variadic argument 1 has type 'size_t'
  (compiling source file 'main.cpp')
      C:\Games and Stuf\Coding\RayLib\V1vV2\V1vV2\Blank Project\networking2.hpp(225,12):
      consider using '%zu' in the format string
  
C:\Games and Stuf\Coding\RayLib\V1vV2\V1vV2\Blank Project\networking2.hpp(225,12): warning C4477: 'printf' : format string '%s' requires an argument of type 'char *', but variadic argument 3 has type 'void *'
  (compiling source file 'main.cpp')
  
C:\Games and Stuf\Coding\RayLib\V1vV2\V1vV2\Blank Project\networking2.hpp(303,12): warning C4477: 'printf' : format string '%u' requires an argument of type 'unsigned int', but variadic argument 1 has type 'size_t'
  (compiling source file 'main.cpp')
      C:\Games and Stuf\Coding\RayLib\V1vV2\V1vV2\Blank Project\networking2.hpp(303,12):
      consider using '%zu' in the format string
  
C:\Games and Stuf\Coding\RayLib\V1vV2\V1vV2\Blank Project\networking2.hpp(303,12): warning C4477: 'printf' : format string '%s' requires an argument of type 'char *', but variadic argument 3 has type 'void *'
  (compiling source file 'main.cpp')
  
C:\Games and Stuf\Coding\RayLib\V1vV2\V1vV2\Blank Project\networking2.hpp(360,13): warning C4267: 'initializing': conversion from 'size_t' to 'int', possible loss of data
  (compiling source file 'main.cpp')
  
  Blank Project.vcxproj -> C:\Games and Stuf\Coding\RayLib\V1vV2\V1vV2\x64\Debug\V1vV2.exe
