  main.cpp
C:\Program Files\Microsoft Visual Studio\2022\Community\VC\Tools\MSVC\14.42.34433\include\charconv(12): warning STL4038: The contents of <charconv> are available only with C++17 or later.
C:\Games and Stuf\Coding\RayLib\The ENet Strikes Back\The ENet Strikes Back\Blank Project\networking.hpp(79,15): warning C4267: 'initializing': conversion from 'size_t' to 'int', possible loss of data
  (compiling source file 'main.cpp')
  
C:\Games and Stuf\Coding\RayLib\The ENet Strikes Back\The ENet Strikes Back\Blank Project\networking.hpp(225,12): warning C4477: 'printf' : format string '%u' requires an argument of type 'unsigned int', but variadic argument 1 has type 'size_t'
  (compiling source file 'main.cpp')
      C:\Games and Stuf\Coding\RayLib\The ENet Strikes Back\The ENet Strikes Back\Blank Project\networking.hpp(225,12):
      consider using '%zu' in the format string
  
C:\Games and Stuf\Coding\RayLib\The ENet Strikes Back\The ENet Strikes Back\Blank Project\networking.hpp(225,12): warning C4477: 'printf' : format string '%s' requires an argument of type 'char *', but variadic argument 3 has type 'void *'
  (compiling source file 'main.cpp')
  
C:\Games and Stuf\Coding\RayLib\The ENet Strikes Back\The ENet Strikes Back\Blank Project\networking.hpp(303,12): warning C4477: 'printf' : format string '%u' requires an argument of type 'unsigned int', but variadic argument 1 has type 'size_t'
  (compiling source file 'main.cpp')
      C:\Games and Stuf\Coding\RayLib\The ENet Strikes Back\The ENet Strikes Back\Blank Project\networking.hpp(303,12):
      consider using '%zu' in the format string
  
C:\Games and Stuf\Coding\RayLib\The ENet Strikes Back\The ENet Strikes Back\Blank Project\networking.hpp(303,12): warning C4477: 'printf' : format string '%s' requires an argument of type 'char *', but variadic argument 3 has type 'void *'
  (compiling source file 'main.cpp')
  
C:\Games and Stuf\Coding\RayLib\The ENet Strikes Back\The ENet Strikes Back\Blank Project\networking.hpp(360,13): warning C4267: 'initializing': conversion from 'size_t' to 'int', possible loss of data
  (compiling source file 'main.cpp')
  
C:\Games and Stuf\Coding\RayLib\The ENet Strikes Back\The ENet Strikes Back\Blank Project\inputField.hpp(56,101): warning C4244: 'argument': conversion from 'double' to 'int', possible loss of data
  (compiling source file 'main.cpp')
  
C:\Games and Stuf\Coding\RayLib\The ENet Strikes Back\The ENet Strikes Back\Blank Project\inputField.hpp(56,68): warning C4244: 'argument': conversion from 'double' to 'int', possible loss of data
  (compiling source file 'main.cpp')
  
C:\Games and Stuf\Coding\RayLib\The ENet Strikes Back\The ENet Strikes Back\Blank Project\inputField.hpp(56,38): warning C4244: 'argument': conversion from 'double' to 'int', possible loss of data
  (compiling source file 'main.cpp')
  
C:\Games and Stuf\Coding\RayLib\The ENet Strikes Back\The ENet Strikes Back\Blank Project\main.cpp(110,67): warning C4244: 'argument': conversion from 'float' to 'int', possible loss of data
C:\Games and Stuf\Coding\RayLib\The ENet Strikes Back\The ENet Strikes Back\Blank Project\main.cpp(110,39): warning C4244: 'argument': conversion from 'float' to 'int', possible loss of data
C:\Games and Stuf\Coding\RayLib\The ENet Strikes Back\The ENet Strikes Back\Blank Project\main.cpp(111,69): warning C4244: 'argument': conversion from 'float' to 'int', possible loss of data
C:\Games and Stuf\Coding\RayLib\The ENet Strikes Back\The ENet Strikes Back\Blank Project\main.cpp(111,40): warning C4244: 'argument': conversion from 'float' to 'int', possible loss of data
LINK : warning LNK4098: defaultlib 'LIBCMT' conflicts with use of other libs; use /NODEFAULTLIB:library
  Generating code
  1 of 287 functions ( 0.3%) were compiled, the rest were copied from previous compilation.
    0 functions were new in current compilation
    0 functions had inline decision re-evaluated but remain unchanged
  Finished generating code
  Blank Project.vcxproj -> C:\Games and Stuf\Coding\RayLib\The ENet Strikes Back\The ENet Strikes Back\x64\Release\Blank Project.exe
